Virtual User Script started at: 28.11.2019 12:09:50
Starting action vuser_init.
Web Turbo Replay of LoadRunner 12.60.0 for Windows 10; build 971 (рту 09 2018 11:27:13)  	[MsgId: MMSG-26983]
Run mode: HTML  	[MsgId: MMSG-26993]
Replay user agent: Mozilla/5.0 (Windows NT 10.0; WOW64; Trident/7.0; rv:11.0) like Gecko  	[MsgId: MMSG-26988]
Runtime Settings file: "C:\Users\student\Desktop\Ogdanets\Project\UC03_Comment_task\\default.cfg"  	[MsgId: MMSG-27141]
pvci=0

Ending action vuser_init.
Running Vuser...
Starting iteration 1.
Maximum number of concurrent connections per server: 6  	[MsgId: MMSG-26989]
Starting action Action.
Action.c(7): web_url("/") started  	[MsgId: MMSG-26355]
Action.c(7): Found resource "http://learning2.pflb.ru:56902/css/core/material_icons.css" in HTML "http://learning2.pflb.ru:56902/"  	[MsgId: MMSG-26659]
Action.c(7): Found resource "http://learning2.pflb.ru:56902/css/core/materialize.min.css" in HTML "http://learning2.pflb.ru:56902/"  	[MsgId: MMSG-26659]
Action.c(7): Found resource "http://learning2.pflb.ru:56902/css/core/uploadfile.css" in HTML "http://learning2.pflb.ru:56902/"  	[MsgId: MMSG-26659]
Action.c(7): Found resource "http://learning2.pflb.ru:56902/css/core/quill.snow.css" in HTML "http://learning2.pflb.ru:56902/"  	[MsgId: MMSG-26659]
Action.c(7): Found resource "http://learning2.pflb.ru:56902/css/core/select2.min.css" in HTML "http://learning2.pflb.ru:56902/"  	[MsgId: MMSG-26659]
Action.c(7): Found resource "http://learning2.pflb.ru:56902/css/core/ee-file-upload.css" in HTML "http://learning2.pflb.ru:56902/"  	[MsgId: MMSG-26659]
Action.c(7): Found resource "http://learning2.pflb.ru:56902/css/style.css" in HTML "http://learning2.pflb.ru:56902/"  	[MsgId: MMSG-26659]
Action.c(7): Found resource "http://learning2.pflb.ru:56902/css/company_2.css" in HTML "http://learning2.pflb.ru:56902/"  	[MsgId: MMSG-26659]
Action.c(7): Found resource "http://learning2.pflb.ru:56902/js/core/legacy.js" in HTML "http://learning2.pflb.ru:56902/"  	[MsgId: MMSG-26659]
Action.c(7): Found resource "http://learning2.pflb.ru:56902/js/core/jquery-3.1.1.js" in HTML "http://learning2.pflb.ru:56902/"  	[MsgId: MMSG-26659]
Action.c(7): Found resource "http://learning2.pflb.ru:56902/js/core/clamp.js" in HTML "http://learning2.pflb.ru:56902/"  	[MsgId: MMSG-26659]
Action.c(7): Found resource "http://learning2.pflb.ru:56902/js/core/jquery.cookie.js" in HTML "http://learning2.pflb.ru:56902/"  	[MsgId: MMSG-26659]
Action.c(7): Found resource "http://learning2.pflb.ru:56902/js/core/jquery.uploadfile.js" in HTML "http://learning2.pflb.ru:56902/"  	[MsgId: MMSG-26659]
Action.c(7): Found resource "http://learning2.pflb.ru:56902/js/core/jquery.maskedinput.js" in HTML "http://learning2.pflb.ru:56902/"  	[MsgId: MMSG-26659]
Action.c(7): Found resource "http://learning2.pflb.ru:56902/js/core/jquery.ee.router.js" in HTML "http://learning2.pflb.ru:56902/"  	[MsgId: MMSG-26659]
Action.c(7): Found resource "http://learning2.pflb.ru:56902/js/core/select2.full.min.js" in HTML "http://learning2.pflb.ru:56902/"  	[MsgId: MMSG-26659]
Action.c(7): Found resource "http://learning2.pflb.ru:56902/js/core/readmore.min.js" in HTML "http://learning2.pflb.ru:56902/"  	[MsgId: MMSG-26659]
Action.c(7): Found resource "http://learning2.pflb.ru:56902/js/core/dust.js" in HTML "http://learning2.pflb.ru:56902/"  	[MsgId: MMSG-26659]
Action.c(7): Found resource "http://learning2.pflb.ru:56902/js/core/dust-helpers.js" in HTML "http://learning2.pflb.ru:56902/"  	[MsgId: MMSG-26659]
Action.c(7): Found resource "http://learning2.pflb.ru:56902/js/core/custom-helpers.js" in HTML "http://learning2.pflb.ru:56902/"  	[MsgId: MMSG-26659]
Action.c(7): Found resource "http://learning2.pflb.ru:56902/js/core/materialize.min.js" in HTML "http://learning2.pflb.ru:56902/"  	[MsgId: MMSG-26659]
Action.c(7): Found resource "http://learning2.pflb.ru:56902/js/core/materialize-select.js" in HTML "http://learning2.pflb.ru:56902/"  	[MsgId: MMSG-26659]
Action.c(7): Found resource "http://learning2.pflb.ru:56902/js/core/materialize-pagination.js" in HTML "http://learning2.pflb.ru:56902/"  	[MsgId: MMSG-26659]
Action.c(7): Found resource "http://learning2.pflb.ru:56902/js/core/polyphills.js" in HTML "http://learning2.pflb.ru:56902/"  	[MsgId: MMSG-26659]
Action.c(7): Found resource "http://learning2.pflb.ru:56902/js/core/helpers.js" in HTML "http://learning2.pflb.ru:56902/"  	[MsgId: MMSG-26659]
Action.c(7): Found resource "http://learning2.pflb.ru:56902/js/index.js" in HTML "http://learning2.pflb.ru:56902/"  	[MsgId: MMSG-26659]
Action.c(7): Found resource "http://learning2.pflb.ru:56902/js/core/materialTable.js" in HTML "http://learning2.pflb.ru:56902/"  	[MsgId: MMSG-26659]
Action.c(7): web_url("/") was successful, 1043680 body bytes, 5400 header bytes  	[MsgId: MMSG-26386]
Action.c(17): web_url("/login") started  	[MsgId: MMSG-26355]
Action.c(17): Resource "http://learning2.pflb.ru:56902/css/core/material_icons.css" is in the cache already and will not be downloaded again  	[MsgId: MMSG-26655]
Action.c(17): Found resource "http://learning2.pflb.ru:56902/css/core/materialize.css" in HTML "http://learning2.pflb.ru:56902/login"  	[MsgId: MMSG-26659]
Action.c(17): Resource "http://learning2.pflb.ru:56902/css/style.css" is in the cache already and will not be downloaded again  	[MsgId: MMSG-26655]
Action.c(17): Resource "http://learning2.pflb.ru:56902/js/core/legacy.js" is in the cache already and will not be downloaded again  	[MsgId: MMSG-26655]
Action.c(17): Resource "http://learning2.pflb.ru:56902/js/core/jquery-3.1.1.js" is in the cache already and will not be downloaded again  	[MsgId: MMSG-26655]
Action.c(17): Resource "http://learning2.pflb.ru:56902/js/core/dust.js" is in the cache already and will not be downloaded again  	[MsgId: MMSG-26655]
Action.c(17): Resource "http://learning2.pflb.ru:56902/js/core/jquery.cookie.js" is in the cache already and will not be downloaded again  	[MsgId: MMSG-26655]
Action.c(17): Found resource "http://learning2.pflb.ru:56902/js/core/materialize.js" in HTML "http://learning2.pflb.ru:56902/login"  	[MsgId: MMSG-26659]
Action.c(17): Found resource "http://learning2.pflb.ru:56902/js/page/authorisation.js" in HTML "http://learning2.pflb.ru:56902/login"  	[MsgId: MMSG-26659]
Action.c(17): web_url("/login") was successful, 528866 body bytes, 970 header bytes  	[MsgId: MMSG-26386]
Action.c(27): Notify: Transaction "UC03_TR01_Login" started.
Action.c(29): web_submit_data("/api/login") started  	[MsgId: MMSG-26355]
Action.c(29): web_submit_data("/api/login") was successful, 146 body bytes, 339 header bytes  	[MsgId: MMSG-26386]
Action.c(42): web_url("{/") started  	[MsgId: MMSG-26355]
Action.c(42): Retrieving data from cache for "http://learning2.pflb.ru:56902/"  	[MsgId: MMSG-26558]
Action.c(42): Resource "http://learning2.pflb.ru:56902/css/core/material_icons.css" is in the cache already and will not be downloaded again  	[MsgId: MMSG-26655]
Action.c(42): Resource "http://learning2.pflb.ru:56902/css/core/materialize.min.css" is in the cache already and will not be downloaded again  	[MsgId: MMSG-26655]
Action.c(42): Resource "http://learning2.pflb.ru:56902/css/core/uploadfile.css" is in the cache already and will not be downloaded again  	[MsgId: MMSG-26655]
Action.c(42): Resource "http://learning2.pflb.ru:56902/css/core/quill.snow.css" is in the cache already and will not be downloaded again  	[MsgId: MMSG-26655]
Action.c(42): Resource "http://learning2.pflb.ru:56902/css/core/select2.min.css" is in the cache already and will not be downloaded again  	[MsgId: MMSG-26655]
Action.c(42): Resource "http://learning2.pflb.ru:56902/css/core/ee-file-upload.css" is in the cache already and will not be downloaded again  	[MsgId: MMSG-26655]
Action.c(42): Resource "http://learning2.pflb.ru:56902/css/style.css" is in the cache already and will not be downloaded again  	[MsgId: MMSG-26655]
Action.c(42): Resource "http://learning2.pflb.ru:56902/css/company_2.css" is in the cache already and will not be downloaded again  	[MsgId: MMSG-26655]
Action.c(42): Resource "http://learning2.pflb.ru:56902/js/core/legacy.js" is in the cache already and will not be downloaded again  	[MsgId: MMSG-26655]
Action.c(42): Resource "http://learning2.pflb.ru:56902/js/core/jquery-3.1.1.js" is in the cache already and will not be downloaded again  	[MsgId: MMSG-26655]
Action.c(42): Resource "http://learning2.pflb.ru:56902/js/core/clamp.js" is in the cache already and will not be downloaded again  	[MsgId: MMSG-26655]
Action.c(42): Resource "http://learning2.pflb.ru:56902/js/core/jquery.cookie.js" is in the cache already and will not be downloaded again  	[MsgId: MMSG-26655]
Action.c(42): Resource "http://learning2.pflb.ru:56902/js/core/jquery.uploadfile.js" is in the cache already and will not be downloaded again  	[MsgId: MMSG-26655]
Action.c(42): Resource "http://learning2.pflb.ru:56902/js/core/jquery.maskedinput.js" is in the cache already and will not be downloaded again  	[MsgId: MMSG-26655]
Action.c(42): Resource "http://learning2.pflb.ru:56902/js/core/jquery.ee.router.js" is in the cache already and will not be downloaded again  	[MsgId: MMSG-26655]
Action.c(42): Resource "http://learning2.pflb.ru:56902/js/core/select2.full.min.js" is in the cache already and will not be downloaded again  	[MsgId: MMSG-26655]
Action.c(42): Resource "http://learning2.pflb.ru:56902/js/core/readmore.min.js" is in the cache already and will not be downloaded again  	[MsgId: MMSG-26655]
Action.c(42): Resource "http://learning2.pflb.ru:56902/js/core/dust.js" is in the cache already and will not be downloaded again  	[MsgId: MMSG-26655]
Action.c(42): Resource "http://learning2.pflb.ru:56902/js/core/dust-helpers.js" is in the cache already and will not be downloaded again  	[MsgId: MMSG-26655]
Action.c(42): Resource "http://learning2.pflb.ru:56902/js/core/custom-helpers.js" is in the cache already and will not be downloaded again  	[MsgId: MMSG-26655]
Action.c(42): Resource "http://learning2.pflb.ru:56902/js/core/materialize.min.js" is in the cache already and will not be downloaded again  	[MsgId: MMSG-26655]
Action.c(42): Resource "http://learning2.pflb.ru:56902/js/core/materialize-select.js" is in the cache already and will not be downloaded again  	[MsgId: MMSG-26655]
Action.c(42): Resource "http://learning2.pflb.ru:56902/js/core/materialize-pagination.js" is in the cache already and will not be downloaded again  	[MsgId: MMSG-26655]
Action.c(42): Resource "http://learning2.pflb.ru:56902/js/core/polyphills.js" is in the cache already and will not be downloaded again  	[MsgId: MMSG-26655]
Action.c(42): Resource "http://learning2.pflb.ru:56902/js/core/helpers.js" is in the cache already and will not be downloaded again  	[MsgId: MMSG-26655]
Action.c(42): Resource "http://learning2.pflb.ru:56902/js/index.js" is in the cache already and will not be downloaded again  	[MsgId: MMSG-26655]
Action.c(42): Resource "http://learning2.pflb.ru:56902/js/core/materialTable.js" is in the cache already and will not be downloaded again  	[MsgId: MMSG-26655]
Action.c(42): web_url("{/") was successful, 0 body bytes, 0 header bytes  	[MsgId: MMSG-26386]
Action.c(51): web_url("}/api/checkLogin") started  	[MsgId: MMSG-26355]
Action.c(51): web_url("}/api/checkLogin") was successful, 92 body bytes, 316 header bytes, 11 chunking overhead bytes  	[MsgId: MMSG-26385]
Action.c(61): web_url("/api/user/info") started  	[MsgId: MMSG-26355]
Action.c(61): web_url("/api/user/info") was successful, 277 body bytes, 316 header bytes, 12 chunking overhead bytes  	[MsgId: MMSG-26385]
Action.c(71): web_url("/api/ticket/countByState/4") started  	[MsgId: MMSG-26355]
Action.c(71): web_url("/api/ticket/countByState/4") was successful, 52 body bytes, 316 header bytes, 11 chunking overhead bytes  	[MsgId: MMSG-26385]
Action.c(81): web_url("/api/ticket/countByState/") started  	[MsgId: MMSG-26355]
Action.c(81): web_url("/api/ticket/countByState/") was successful, 217 body bytes, 316 header bytes, 11 chunking overhead bytes  	[MsgId: MMSG-26385]
Action.c(91): web_custom_request("/api/ticket/") started  	[MsgId: MMSG-26355]
Action.c(91): web_custom_request("/api/ticket/") was successful, 13677 body bytes, 316 header bytes, 21 chunking overhead bytes  	[MsgId: MMSG-26385]
Action.c(103): web_set_sockets_option started  	[MsgId: MMSG-26355]
Action.c(103): web_set_sockets_option was successful  	[MsgId: MMSG-26392]
Action.c(105): Notify: Transaction "UC03_TR01_Login" ended with a "Pass" status (Duration: 2.0510 Wasted Time: 0.1317).
Action.c(107): Notify: Transaction "UC03_TR02_Show_tasks" started.
Action.c(109): web_url("/api/task/countByState/") started  	[MsgId: MMSG-26355]
Action.c(109): web_url("/api/task/countByState/") was successful, 171 body bytes, 316 header bytes, 11 chunking overhead bytes  	[MsgId: MMSG-26385]
Action.c(119): web_custom_request("/api/task/") started  	[MsgId: MMSG-26355]
Action.c(119): web_custom_request("/api/task/") was successful, 14669 body bytes, 316 header bytes, 21 chunking overhead bytes  	[MsgId: MMSG-26385]
Action.c(131): Notify: Transaction "UC03_TR02_Show_tasks" ended with a "Pass" status (Duration: 1.1613 Wasted Time: 0.0402).
Action.c(133): Notify: Transaction "UC03_TR03_Open_task" started.
Action.c(135): web_url("/api/task/149362") started  	[MsgId: MMSG-26355]
Action.c(135): web_url("/api/task/149362") was successful, 1729 body bytes, 316 header bytes, 12 chunking overhead bytes  	[MsgId: MMSG-26385]
Action.c(145): web_url("/api/checkLogin") started  	[MsgId: MMSG-26355]
Action.c(145): web_url("/api/checkLogin") was successful, 92 body bytes, 316 header bytes, 11 chunking overhead bytes  	[MsgId: MMSG-26385]
Action.c(155): web_url("/api/ticket/149362/comment/") started  	[MsgId: MMSG-26355]
Action.c(155): web_url("/api/ticket/149362/comment/") was successful, 3762 body bytes, 316 header bytes, 12 chunking overhead bytes  	[MsgId: MMSG-26385]
Action.c(165): Notify: Transaction "UC03_TR03_Open_task" ended with a "Pass" status (Duration: 1.0727 Wasted Time: 0.0651).
Action.c(169): Notify: Transaction "UC03_TR04_Add_comment" started.
Action.c(171): web_submit_data("/api/ticket/file/") started  	[MsgId: MMSG-26355]
Action.c(171): web_submit_data("/api/ticket/file/") was successful, 41243 body bytes, 316 header bytes, 52 chunking overhead bytes  	[MsgId: MMSG-26385]
Action.c(184): Notify: Transaction "UC03_TR04_Add_comment" ended with a "Pass" status (Duration: 0.1039 Wasted Time: 0.0308).
Action.c(188): Notify: Transaction "UC03_TR05_Submit_comment" started.
Action.c(190): web_custom_request("/api/ticket/149362/comment/") started  	[MsgId: MMSG-26355]
Action.c(190): web_custom_request("/api/ticket/149362/comment/") was successful, 185 body bytes, 316 header bytes, 11 chunking overhead bytes  	[MsgId: MMSG-26385]
Action.c(203): web_url("/api/ticket/149362/comment/") started  	[MsgId: MMSG-26355]
Action.c(203): web_url("/api/ticket/149362/comment/") was successful, 3938 body bytes, 316 header bytes, 12 chunking overhead bytes  	[MsgId: MMSG-26385]
Action.c(213): Notify: Transaction "UC03_TR05_Submit_comment" ended with a "Pass" status (Duration: 0.3659 Wasted Time: 0.0416).
Action.c(217): Notify: Transaction "UC03_TR06_Logout" started.
Action.c(219): web_url("/api/logout") started  	[MsgId: MMSG-26355]
Action.c(219): Redirecting "http://learning2.pflb.ru:56902/api/logout" (redirection depth is 0)  	[MsgId: MMSG-26694]
Action.c(219): To location "http://learning2.pflb.ru:56902/login.html"  	[MsgId: MMSG-26693]
Action.c(219): Resource "http://learning2.pflb.ru:56902/css/core/material_icons.css" is in the cache already and will not be downloaded again  	[MsgId: MMSG-26655]
Action.c(219): Resource "http://learning2.pflb.ru:56902/css/core/materialize.css" is in the cache already and will not be downloaded again  	[MsgId: MMSG-26655]
Action.c(219): Resource "http://learning2.pflb.ru:56902/css/style.css" is in the cache already and will not be downloaded again  	[MsgId: MMSG-26655]
Action.c(219): Resource "http://learning2.pflb.ru:56902/js/core/legacy.js" is in the cache already and will not be downloaded again  	[MsgId: MMSG-26655]
Action.c(219): Resource "http://learning2.pflb.ru:56902/js/core/jquery-3.1.1.js" is in the cache already and will not be downloaded again  	[MsgId: MMSG-26655]
Action.c(219): Resource "http://learning2.pflb.ru:56902/js/core/dust.js" is in the cache already and will not be downloaded again  	[MsgId: MMSG-26655]
Action.c(219): Resource "http://learning2.pflb.ru:56902/js/core/jquery.cookie.js" is in the cache already and will not be downloaded again  	[MsgId: MMSG-26655]
Action.c(219): Resource "http://learning2.pflb.ru:56902/js/core/materialize.js" is in the cache already and will not be downloaded again  	[MsgId: MMSG-26655]
Action.c(219): Resource "http://learning2.pflb.ru:56902/js/page/authorisation.js" is in the cache already and will not be downloaded again  	[MsgId: MMSG-26655]
Action.c(219): web_url("/api/logout") was successful, 873 body bytes, 675 header bytes  	[MsgId: MMSG-26386]
Action.c(228): web_url("/login") started  	[MsgId: MMSG-26355]
Action.c(228): Resource "http://learning2.pflb.ru:56902/css/core/material_icons.css" is in the cache already and will not be downloaded again  	[MsgId: MMSG-26655]
Action.c(228): Resource "http://learning2.pflb.ru:56902/css/core/materialize.css" is in the cache already and will not be downloaded again  	[MsgId: MMSG-26655]
Action.c(228): Resource "http://learning2.pflb.ru:56902/css/style.css" is in the cache already and will not be downloaded again  	[MsgId: MMSG-26655]
Action.c(228): Resource "http://learning2.pflb.ru:56902/js/core/legacy.js" is in the cache already and will not be downloaded again  	[MsgId: MMSG-26655]
Action.c(228): Resource "http://learning2.pflb.ru:56902/js/core/jquery-3.1.1.js" is in the cache already and will not be downloaded again  	[MsgId: MMSG-26655]
Action.c(228): Resource "http://learning2.pflb.ru:56902/js/core/dust.js" is in the cache already and will not be downloaded again  	[MsgId: MMSG-26655]
Action.c(228): Resource "http://learning2.pflb.ru:56902/js/core/jquery.cookie.js" is in the cache already and will not be downloaded again  	[MsgId: MMSG-26655]
Action.c(228): Resource "http://learning2.pflb.ru:56902/js/core/materialize.js" is in the cache already and will not be downloaded again  	[MsgId: MMSG-26655]
Action.c(228): Resource "http://learning2.pflb.ru:56902/js/page/authorisation.js" is in the cache already and will not be downloaded again  	[MsgId: MMSG-26655]
Action.c(228): web_url("/login") was successful, 873 body bytes, 392 header bytes  	[MsgId: MMSG-26386]
Action.c(238): Notify: Transaction "UC03_TR06_Logout" ended with a "Pass" status (Duration: 0.1120 Wasted Time: 0.0498).
Ending action Action.
Ending iteration 1.
Ending Vuser...
Starting action vuser_end.
Ending action vuser_end.
Vuser Terminated.
